<?xml version="1.0" encoding="UTF-8"?>
<!-- Generated by org.testng.reporters.JUnitReportReporter -->
<testsuite hostname="HP" failures="0" tests="2" name="annotations.AnnotationInTestNG2" time="0.010" errors="0" timestamp="2022-11-30T18:24:08 IST" skipped="0">
  <testcase classname="annotations.AnnotationInTestNG2" name="verifySendEmailWillBeDisplayedInSendItem" time="0.008"/>
  <system-out/>
  <testcase classname="annotations.AnnotationInTestNG2" name="verifyUserCanSendEmail" time="0.002"/>
  <system-out/>
</testsuite> <!-- annotations.AnnotationInTestNG2 -->
