<?xml version="1.0" encoding="UTF-8"?>
<!-- Generated by org.testng.reporters.JUnitReportReporter -->
<testsuite hostname="HP" failures="0" tests="4" name="annotations1.Annotations" time="0.026" errors="0" timestamp="2022-11-30T20:38:41 IST" skipped="0">
  <testcase classname="annotations1.Annotations" name="verifySendEmailWillBeDisplayedInSendItem" time="0.008"/>
  <system-out/>
  <testcase classname="annotations1.Annotations" name="verifyUserCanNotLoginWithInvalidCredentials" time="0.010"/>
  <system-out/>
  <testcase classname="annotations1.Annotations" name="verifyUserCanLoginWithVAlidCredential" time="0.005"/>
  <system-out/>
  <testcase classname="annotations1.Annotations" name="verifyUserCanSendEmail" time="0.003"/>
  <system-out/>
</testsuite> <!-- annotations1.Annotations -->
