<?xml version="1.0" encoding="UTF-8"?>
<!-- Generated by org.testng.reporters.JUnitReportReporter -->
<testsuite hostname="HP" failures="0" tests="2" name="annotations.AnnotationInTestNG" time="0.019" errors="0" timestamp="2022-11-30T20:21:01 IST" skipped="0">
  <testcase classname="annotations.AnnotationInTestNG" name="verifyUserCanLoginWithValidCredentials" time="0.012"/>
  <system-out/>
  <testcase classname="annotations.AnnotationInTestNG" name="verifyUserCanNotLoginWithInvalidCredentials" time="0.007"/>
  <system-out/>
</testsuite> <!-- annotations.AnnotationInTestNG -->
